0 info it worked if it ends with ok
1 verbose cli [ 'd:\\Program Files\\nodejs\\node.exe',
1 verbose cli   'd:\\Program Files\\nodejs\\node_modules\\npm\\bin\\npm-cli.js',
1 verbose cli   'run',
1 verbose cli   'dev' ]
2 info using npm@2.14.20
3 info using node@v4.4.0
4 verbose stack Error: ENOENT: no such file or directory, open 'E:\webstorm_work\doit\package.json'
4 verbose stack     at Error (native)
5 verbose cwd E:\webstorm_work\doit
6 error Windows_NT 6.1.7601
7 error argv "d:\\Program Files\\nodejs\\node.exe" "d:\\Program Files\\nodejs\\node_modules\\npm\\bin\\npm-cli.js" "run" "dev"
8 error node v4.4.0
9 error npm  v2.14.20
10 error path E:\webstorm_work\doit\package.json
11 error code ENOENT
12 error errno -4058
13 error syscall open
14 error enoent ENOENT: no such file or directory, open 'E:\webstorm_work\doit\package.json'
14 error enoent This is most likely not a problem with npm itself
14 error enoent and is related to npm not being able to find a file.
15 verbose exit [ -4058, true ]
